5.(9499018266198607722972570952579282441839709644790860950794311893853751413
1016838222169334205985601237579579936931040637829475813649074790265960611649
9077765216873921580293925150235021122151484500505741655262688165645266853096
9239007556375319807223180817516510977568870113643124888439340750877610519426
4294639138454215505444160171357172606651990242161004343428333432498363776997
6795382876182542988040697328494079847682513238531564229190218361397036948890
3433093353959659665615517343963824596894151246504432676860831796275361456535
9671565419170583685369191408341762360921044802760754447551615398345927292199
6787053013625275182959481168560718748140655679181293508657107157731897423692
5090736002855952876777533170702683405723805557208306062949961325638126970904
9800678288808234664128041887308859403819836972689950615814839055155589932766
1093591955732730409948235854108407211281013863271256024275599452609031950972
8089486523472362706015350746712679240792526923305765454869994645088356042125
3049324686142678645802344261319688225144285119295531623728208484560004759921
4612958886178378056762063425953471767715832688760635449515083001130481347057
7735467364788480990063663949544832510263580650919259832212768489319926221217
3499137264235140120188016897721187600404593324210150532516213482477539120604
5100255845778544654013208782055096090914499910751472600702088415541143571131
0763372404355328137085738085321592193728803474742666745998691021598143630630
0946034390432557862795263878146010590825251383352174689117629559112274647468
3167727732492413875171059677515320997203546141488665437020289165228773725233
5336466948295353126673409888736835842208603558041292318676741833759742964241
0900220146367584934848574998512524543345034806925685726185517938954007258880
2284762301422026536562146724579044445766644850359969060510501576723984054263
1046587731302433509847087523055869578151960492651871244124471946212887487356
4586184327958588683286725769024811090617004819420479562087225560778247158921
8777890164812280597370143392634021538644612363895995716070684833700243945974
8914142916641875409055750580115428095436425298982566787648003807937169036710
8942702445409650740762777414172666151008508359612066400904385077646218837389
1830784792050931159635866008210864520735407865770214791455940976973879930981
1388112096150413518176950080323674659368120426012970785982031296483608020467
6622835723210567025644076872731599928601178080561670732432914856904861069792
3484262509668590468257273754983042779794133396798952817278514904504075682751
2346046290236211102516808472660201106681739751294103647289819717974653418218
5993931100136847742012256797762836913190932349616231332183018980186826917355
8636282501338727910989468673766882846433033854941393467007794371392872017611
7094067947878859998810019634676027845540548580948414351163205807104182780984
1137621229249717379663235556613315880287975248408401261379187243410483727018
5041946807877670018444695662521568394121496995299577556970309989885166894746
2366870946629380615219848872493603855536383649669780448622597727137502231213
1849824477896114714107217230915689891116796572856547866960195156779913131433
3313500327244600464092342476349140239186053430118403046349735229368715416195
6327720592610221931338132920806806687689653120723508062116975069911346462783
3640744927708692806568691616588326292616171833164752781579103944784911048967
6920330814541560064258939727494496340810376628785625037186886416374129826857
8568453620515261498185279942880942464449336585946331885523888855833878741000
7734872374605819003986434223835306717439162253822811923603260546200987683703
2188968882013446778128160885345391801035282917831855774379722734574879514488
0109478193609805438210269530552745879692985065746415184149461533884690902600
1070982328791574939013506277146427083953114773606235497114297614089367525435
8303087999048015707740822276432438864758731480930564645683346224787291009698
3399773903730588445290652704230380198726721009103349794728386981614803355744
6302136014755756530017254715297197596239662045576247991908133515796989349675
7303504492175879097994883084429106919735824358898078181710001784970547985958
2316891771285773784732551912893437258285238293568156125423930505146665080026
1795680371273873981079312191348842744094722437079788183494972332956506217647
4088177545070506336645445350151722496578806449693580055929077170226691259594
2166954245254953293270661034092937466531802225263283155827928839174153626465
1633248051407151781995597072648301303028500029749509133099303861486285476289
6412209198548223954304753971559469268757065508419111084667102992800618789789
9684655203189147379068245373951329803058249538882608436960790146962575117510
5610757422502528708276313440828226334265484619503778187659903611590408758255
4887844350568215624442196703754388052597132147319569227107752722080085678586
3033259951210805021717141667162491818884988397691438091271494020348664247039
9238412566192657821145951091806985184744451716546676979829832807758671981912
2984470756232522163384304158981376807282679835782709585291842684595704170881
1804605224013803772237758076991729636460998393526506812637591479740584280359
3740703278395906467543285535788659487118462545368001427976438388766585351341
7028619027786041530314749806628190634854524900339144404117332064020943654429
7019099184863449753079074195275777949663830546795977866365204974117927054203
6056405069316356280121377997263045159754864044743261736181353007675373356339
6203962634616528827274349973225441780210626524662343071339322901172130659844
1125721425596477658118641042422800023799607306479443089189028381031712976735
8838579163443803177247575415005652406735288867733682394240495031831974772416
2551317903254596299161063842446599631106086749568632117570060094008448860593
8002022966621050752662581067412387695603022550127922889272327006604391027548
0454572499553757363003510442077705717855655381686202177664068542869042660796
0968644017373713333729993455107990718153150473017195216278931397631939073005
2954126256916760873445588147795561373237341583863866246206937585529838757660
4986017730707443327185101445826143868626167668233474147676563336704944368417
9211043017790206461593383709168798714821205450110073183792467424287499256262
2716725174034628428630927589694770036294401142381150711013268281073362289522
2228833224251799845302552507883619920271315523293865651216754923543761527934
7890759802463259356220622359731064437436782293092163979294341643362884512405
5453085024097102397810436127803891235794609388945082406140298685071696317010
7693223061819479978580353424168501219729874457071458320937704527875290057714
0477182126494912833938240019039685845183554471351222704825370381388707086333
0755042541798060332004521925388231094186945915392396025465579817933004105432
2603677039328851073957279704884869399654905694056048075206759088475040161837
3296840602130064853929910156482418040102338311417861605283512822038436365799
9643005890402808353662164574284524305348961742131254834295234128636877491521
3898970666983994764086392574522520378413756173023145118105551258404236330100
5533408698756470518236449098589873267091092996965550068423871006128398881418
4565954661748081156660915094900934134586779318141250669363955494734336883441
4232165169274706967335038971856964360088058547033973939429999405009817338013
9227702742904742071755816029035520913904920568810614624858689831617778306657
9401439876242042006306895936217052418635092520973403938835009222347831260784
1970607484976497887784851549949425834473731183435473314690307609924436246801
9277681918248348902243112988635687511156065924912238948057357053608615457844
9455583982864282739334800975783899565657166656750163622300232046171238174570
1195930267150592015231748676146843577080978163860296305110965669066460403403
3438448265603617540310584875349556732313916820372463854346403284345808294163
1463080859165823763907895519723924555244838460165407270780032129469863747248
1704051883143928125185934432081870649134289284226810257630749092639971440471
2322246682929731659427619444279169393705003867436187302909501993217111917653
3587195811269114059618016302731004938418516094484441006723389064080442672695
9005176414589159278871898613672874397572440054739096804902719105134765276372
9398464925328732075920747307669423454513000535491164395787469506753138573213
5419765573868031177485571488070446837627179151543999524007853870411138216219
4323793657404652823228416731123936455048491699886951865294222645326352115190
0993633605045516748973641934908074016778723151068007377878265008627357648598
7981198310227881239959540667578984946748378651752246087939548997441542214553
4598679121794490390908550008924852739929791158445885642886892366275956446718
6291426191467840780627119652525733325400130897840185636936990539656095674421
3720473612185398940917474861664782531088237044088772535253168322722675075861
2482894032248467900279645385851133456297971083477122627476646635330517046468
7332659011126316415779139644195870768132325816624025703575890997798536324150
6515142500148747545665496519307431427381448206104599274111977152376985779734
6343785327542095555423335514964003093948949842327601594573689534122686975664
9015291247694413042184803950734812875587552805378711251264354138156720414113
1671327423097518890938299518057952043791277443922175284107812221098351877194
0262985660736597846135538763610400428392931516629975605402510858570833581245
9094424941988457190456357470101743321235199619206283096328910572975545903492
5923722258582733384899149164038793359909561492235378116261081692152079490688
4036413399178913547926459213422978520854405902302612006901886118879038495864
8182304991967632534063187957398702921401796870351639197953233771642767894329
7435592312726840007139882191943832926756708514309513893020765157374903314095
3174272624501695722020586660320104718272148509549592431724876539537097637888
9748319152733979889331826024870589635271018028202534658178140060688998631522
5798774320223716308680906765038376866781698101981317308264413637174986612720
8901053132623311715356696614505860653299220562860712798238829059320521211400
0118998036532397215445945141905158564883679419289581721901588623787707502826
2033676444338668411971202475159159873862081275658951627298149580531921223299
8155530433747843160587850300470042244302969001011483310525376331290533706193
8478015112750639614446361635033021955137740227286249776878681501755221038852
8589278276908431010888320342714345213303980484322008686856666864996727553995
3590765752365085976081394656988159695365026477063128458380436722794073897780
6866186707919319331231034687927649193788302493008865353721663592550722913071
9343130838341167370738382816683524721842089605521508895103230796691854584399
3574106027250550365918962337121437496281311358362587017314214315463794847385
0181472005711905753555066341405366811447611114416612125899922651276253941809
9601356577616469328256083774617718807639673945379901231629678110311179865532
2187183911465460819896471708216814422562027726542512048551198905218063901945
6178973046944725412030701493425358481585053846611530909739989290176712084250
6098649372285357291604688522639376450288570238591063247456416969120009519842
9225917772356756113524126851906943535431665377521270899030166002260962694115
5470934729576961980127327899089665020527161301838519664425536978639852442434
6998274528470280240376033795442375200809186648420301065032426964955078241209
0200511691557089308026417564110192181828999821502945201404176831082287142262
1526744808710656274171476170643184387457606949485333491997382043196287261260
1892068780865115725590527756292021181650502766704349378235259118224549294936
6335455464984827750342119355030641994407092282977330874040578330457547450467
0672933896590706253346819777473671684417207116082584637353483667519485928482
1800440292735169869697149997025049086690069613851371452371035877908014517760
4569524602844053073124293449158088891533289700719938121021003153447968108526
2093175462604867019694175046111739156303920985303742488248943892425774974712
9172368655917177366573451538049622181234009638840959124174451121556494317843
7555780329624561194740286785268043077289224727791991432141369667400487891949
7828285833283750818111501160230856190872850597965133575296007615874338073421
7885404890819301481525554828345332302017016719224132801808770155292437674778
3661569584101862319271732016421729041470815731540429582911881953947759861962
2776224192300827036353900160647349318736240852025941571964062592967216040935
3245671446421134051288153745463199857202356161123341464865829713809722139584
6968525019337180936514547509966085559588266793597905634557029809008151365502
4692092580472422205033616945320402213363479502588207294579639435949306836437
1987862200273695484024513595525673826381864699232462664366037960373653834711
7272565002677455821978937347533765692866067709882786934015588742785744035223
4188135895757719997620039269352055691081097161896828702326411614208365561968
2275242458499434759326471113226631760575950496816802522758374486820967454037
0083893615755340036889391325043136788242993990599155113940619979770333789492
4733741893258761230439697744987207711072767299339560897245195454275004462426
3699648955792229428214434461831379782233593145713095733920390313559826262866
6627000654489200928184684952698280478372106860236806092699470458737430832391
2655441185220443862676265841613613375379306241447016124233950139822692925566
7281489855417385613137383233176652585232343666329505563158207889569822097935
3840661629083120128517879454988992681620753257571250074373772832748259653715
7136907241030522996370559885761884928898673171892663771047777711667757482001
5469744749211638007972868447670613434878324507645623847206521092401975367406
4377937764026893556256321770690783602070565835663711548759445469149759028976
0218956387219610876420539061105491759385970131492830368298923067769381805200
2141964657583149878027012554292854167906229547212470994228595228178735050871
6606175998096031415481644552864877729517462961861129291366692449574582019396
6799547807461176890581305408460760397453442018206699589456773963229606711489
2604272029511513060034509430594395192479324091152495983816267031593978699351
4607008984351758195989766168858213839471648717796156363420003569941095971916
4633783542571547569465103825786874516570476587136312250847861010293330160052
3591360742547747962158624382697685488189444874159576366989944665913012435294
8176355090141012673290890700303444993157612899387160111858154340453382519188
4333908490509906586541322068185874933063604450526566311655857678348307252930
326649610281430356399119414529660260605700005)
